{
  "stats": {
    "suites": 11,
    "tests": 20,
    "passes": 0,
    "pending": 0,
    "failures": 20,
    "start": "2022-11-22T20:18:46.601Z",
    "end": "2022-11-22T20:22:13.391Z",
    "duration": 206790,
    "testsRegistered": 20,
    "passPercent": 0,
    "pendingPercent": 0,
    "other": 0,
    "hasOther": false,
    "skipped": 0,
    "hasSkipped": false
  },
  "results": [
    {
      "uuid": "2ee14592-da38-4d92-9174-7f8bb26e1020",
      "title": "",
      "fullFile": "cypress/integration/project.spec.js",
      "file": "cypress/integration/project.spec.js",
      "beforeHooks": [],
      "afterHooks": [],
      "tests": [],
      "suites": [
        {
          "uuid": "8df93b1f-f871-4cdc-ad1c-4c6c8d37a1df",
          "title": "1 - Adicione uma cor de fundo específica à página",
          "fullFile": "",
          "file": "",
          "beforeHooks": [],
          "afterHooks": [],
          "tests": [
            {
              "title": "Possuir cor de fundo: rgb(253, 251, 251)",
              "fullTitle": "1 - Adicione uma cor de fundo específica à página Possuir cor de fundo: rgb(253, 251, 251)",
              "timedOut": null,
              "duration": 10181,
              "state": "failed",
              "speed": null,
              "pass": false,
              "fail": true,
              "pending": false,
              "context": null,
              "code": "cy.get('body').should('have.css', 'backgroundColor', 'rgb(253, 251, 251)');",
              "err": {
                "message": "AssertionError: Timed out retrying: expected '<body>' to have CSS property 'backgroundColor' with the value 'rgb(253, 251, 251)', but the value was 'rgba(0, 0, 0, 0)'",
                "estack": "AssertionError: Timed out retrying: expected '<body>' to have CSS property 'backgroundColor' with the value 'rgb(253, 251, 251)', but the value was 'rgba(0, 0, 0, 0)'\n    at Context.eval (http://localhost:35437/__cypress/tests?p=cypress/integration/project.spec.js:148:20)",
                "diff": "- 'rgba(0, 0, 0, 0)'\n+ 'rgb(253, 251, 251)'\n"
              },
              "uuid": "23f5b241-f9ea-4b89-89d1-245c023a4ee5",
              "parentUUID": "8df93b1f-f871-4cdc-ad1c-4c6c8d37a1df",
              "isHook": false,
              "skipped": false
            }
          ],
          "suites": [],
          "passes": [],
          "failures": [
            "23f5b241-f9ea-4b89-89d1-245c023a4ee5"
          ],
          "pending": [],
          "skipped": [],
          "duration": 10181,
          "root": false,
          "rootEmpty": false,
          "_timeout": 2000
        },
        {
          "uuid": "14af9ae8-872b-4a5e-b28d-e8651d631f6e",
          "title": "2 - Adicione uma barra superior com um título",
          "fullFile": "",
          "file": "",
          "beforeHooks": [],
          "afterHooks": [],
          "tests": [
            {
              "title": "A barra deve possuir o ID \"cabecalho\"",
              "fullTitle": "2 - Adicione uma barra superior com um título A barra deve possuir o ID \"cabecalho\"",
              "timedOut": null,
              "duration": 10136,
              "state": "failed",
              "speed": null,
              "pass": false,
              "fail": true,
              "pending": false,
              "context": null,
              "code": "(0, _ActionBase.shouldExist)('#cabecalho');",
              "err": {
                "message": "AssertionError: Timed out retrying: Expected to find element: `#cabecalho`, but never found it.",
                "estack": "AssertionError: Timed out retrying: Expected to find element: `#cabecalho`, but never found it.\n    at shouldExist (http://localhost:35437/__cypress/tests?p=cypress/integration/project.spec.js:108:20)\n    at Context.eval (http://localhost:35437/__cypress/tests?p=cypress/integration/project.spec.js:156:33)",
                "diff": null
              },
              "uuid": "206b031f-2c64-4f27-9487-8a62b21ba8d9",
              "parentUUID": "14af9ae8-872b-4a5e-b28d-e8651d631f6e",
              "isHook": false,
              "skipped": false
            },
            {
              "title": "A barra superior deve ser fixa no topo da página, com a propriedade top tendo o valor `0`",
              "fullTitle": "2 - Adicione uma barra superior com um título A barra superior deve ser fixa no topo da página, com a propriedade top tendo o valor `0`",
              "timedOut": null,
              "duration": 10195,
              "state": "failed",
              "speed": null,
              "pass": false,
              "fail": true,
              "pending": false,
              "context": null,
              "code": "cy.get('#cabecalho').should('have.css', 'position', 'fixed').should('have.css', 'top', '0px');",
              "err": {
                "message": "AssertionError: Timed out retrying: Expected to find element: `#cabecalho`, but never found it.",
                "estack": "AssertionError: Timed out retrying: Expected to find element: `#cabecalho`, but never found it.\n    at Context.eval (http://localhost:35437/__cypress/tests?p=cypress/integration/project.spec.js:159:26)",
                "diff": null
              },
              "uuid": "338c4574-f774-4b80-88de-5322a59bce65",
              "parentUUID": "14af9ae8-872b-4a5e-b28d-e8651d631f6e",
              "isHook": false,
              "skipped": false
            },
            {
              "title": "O título deve estar dentro da barra e possuir o ID \"titulo\", além de ser uma tag \"h1\"",
              "fullTitle": "2 - Adicione uma barra superior com um título O título deve estar dentro da barra e possuir o ID \"titulo\", além de ser uma tag \"h1\"",
              "timedOut": null,
              "duration": 10132,
              "state": "failed",
              "speed": null,
              "pass": false,
              "fail": true,
              "pending": false,
              "context": null,
              "code": "(0, _ActionBase.shouldExist)('#cabecalho h1#titulo');",
              "err": {
                "message": "AssertionError: Timed out retrying: Expected to find element: `#cabecalho h1#titulo`, but never found it.",
                "estack": "AssertionError: Timed out retrying: Expected to find element: `#cabecalho h1#titulo`, but never found it.\n    at shouldExist (http://localhost:35437/__cypress/tests?p=cypress/integration/project.spec.js:108:20)\n    at Context.eval (http://localhost:35437/__cypress/tests?p=cypress/integration/project.spec.js:162:33)",
                "diff": null
              },
              "uuid": "1a63a56a-fa90-469a-b9d1-a5b6e90383b7",
              "parentUUID": "14af9ae8-872b-4a5e-b28d-e8651d631f6e",
              "isHook": false,
              "skipped": false
            }
          ],
          "suites": [],
          "passes": [],
          "failures": [
            "206b031f-2c64-4f27-9487-8a62b21ba8d9",
            "338c4574-f774-4b80-88de-5322a59bce65",
            "1a63a56a-fa90-469a-b9d1-a5b6e90383b7"
          ],
          "pending": [],
          "skipped": [],
          "duration": 30463,
          "root": false,
          "rootEmpty": false,
          "_timeout": 2000
        },
        {
          "uuid": "310022f1-a183-4c23-a237-7c6b2bdd223b",
          "title": "3 - Adicione uma foto sua à página",
          "fullFile": "",
          "file": "",
          "beforeHooks": [],
          "afterHooks": [],
          "tests": [
            {
              "title": "A foto deve ser inserida utilizando uma tag img com o ID \"minha_foto\"",
              "fullTitle": "3 - Adicione uma foto sua à página A foto deve ser inserida utilizando uma tag img com o ID \"minha_foto\"",
              "timedOut": null,
              "duration": 10160,
              "state": "failed",
              "speed": null,
              "pass": false,
              "fail": true,
              "pending": false,
              "context": null,
              "code": "cy.get('img#minha_foto').should('have.attr', 'src');",
              "err": {
                "message": "AssertionError: Timed out retrying: Expected to find element: `img#minha_foto`, but never found it.",
                "estack": "AssertionError: Timed out retrying: Expected to find element: `img#minha_foto`, but never found it.\n    at Context.eval (http://localhost:35437/__cypress/tests?p=cypress/integration/project.spec.js:170:30)",
                "diff": null
              },
              "uuid": "0a1421c8-c003-44f3-b8fc-7a4b7aced26c",
              "parentUUID": "310022f1-a183-4c23-a237-7c6b2bdd223b",
              "isHook": false,
              "skipped": false
            }
          ],
          "suites": [],
          "passes": [],
          "failures": [
            "0a1421c8-c003-44f3-b8fc-7a4b7aced26c"
          ],
          "pending": [],
          "skipped": [],
          "duration": 10160,
          "root": false,
          "rootEmpty": false,
          "_timeout": 2000
        },
        {
          "uuid": "c62fe158-6d6c-4e7a-ad5b-09826c6cb0a2",
          "title": "4 - Adicione uma lista de lições aprendidas à página",
          "fullFile": "",
          "file": "",
          "beforeHooks": [],
          "afterHooks": [],
          "tests": [
            {
              "title": "A lista deve ser numerada e possuir o ID \"licoes_aprendidas\"",
              "fullTitle": "4 - Adicione uma lista de lições aprendidas à página A lista deve ser numerada e possuir o ID \"licoes_aprendidas\"",
              "timedOut": null,
              "duration": 10165,
              "state": "failed",
              "speed": null,
              "pass": false,
              "fail": true,
              "pending": false,
              "context": null,
              "code": "(0, _ActionBase.shouldExist)('ol#licoes_aprendidas');",
              "err": {
                "message": "AssertionError: Timed out retrying: Expected to find element: `ol#licoes_aprendidas`, but never found it.",
                "estack": "AssertionError: Timed out retrying: Expected to find element: `ol#licoes_aprendidas`, but never found it.\n    at shouldExist (http://localhost:35437/__cypress/tests?p=cypress/integration/project.spec.js:108:20)\n    at Context.eval (http://localhost:35437/__cypress/tests?p=cypress/integration/project.spec.js:178:33)",
                "diff": null
              },
              "uuid": "141b08a7-c46c-4810-b7db-9bab7fc54658",
              "parentUUID": "c62fe158-6d6c-4e7a-ad5b-09826c6cb0a2",
              "isHook": false,
              "skipped": false
            },
            {
              "title": "A lista deve possuir 10 itens",
              "fullTitle": "4 - Adicione uma lista de lições aprendidas à página A lista deve possuir 10 itens",
              "timedOut": null,
              "duration": 10136,
              "state": "failed",
              "speed": null,
              "pass": false,
              "fail": true,
              "pending": false,
              "context": null,
              "code": "cy.get('ol#licoes_aprendidas').find('li').should('have.length', 10);",
              "err": {
                "message": "AssertionError: Timed out retrying: Expected to find element: `ol#licoes_aprendidas`, but never found it.",
                "estack": "AssertionError: Timed out retrying: Expected to find element: `ol#licoes_aprendidas`, but never found it.\n    at Context.eval (http://localhost:35437/__cypress/tests?p=cypress/integration/project.spec.js:181:8)",
                "diff": null
              },
              "uuid": "54024845-668b-49a6-a9ff-6381641d9c52",
              "parentUUID": "c62fe158-6d6c-4e7a-ad5b-09826c6cb0a2",
              "isHook": false,
              "skipped": false
            }
          ],
          "suites": [],
          "passes": [],
          "failures": [
            "141b08a7-c46c-4810-b7db-9bab7fc54658",
            "54024845-668b-49a6-a9ff-6381641d9c52"
          ],
          "pending": [],
          "skipped": [],
          "duration": 20301,
          "root": false,
          "rootEmpty": false,
          "_timeout": 2000
        },
        {
          "uuid": "581382a6-049a-4bc3-81c9-a32106de9ce8",
          "title": "5 - Crie uma lista de lições que ainda deseja aprender para a página",
          "fullFile": "",
          "file": "",
          "beforeHooks": [],
          "afterHooks": [],
          "tests": [
            {
              "title": "A lista não deve ser numerada e deve possuir o ID \"licoes_a_aprender\"",
              "fullTitle": "5 - Crie uma lista de lições que ainda deseja aprender para a página A lista não deve ser numerada e deve possuir o ID \"licoes_a_aprender\"",
              "timedOut": null,
              "duration": 10143,
              "state": "failed",
              "speed": null,
              "pass": false,
              "fail": true,
              "pending": false,
              "context": null,
              "code": "(0, _ActionBase.shouldExist)('ul#licoes_a_aprender');",
              "err": {
                "message": "AssertionError: Timed out retrying: Expected to find element: `ul#licoes_a_aprender`, but never found it.",
                "estack": "AssertionError: Timed out retrying: Expected to find element: `ul#licoes_a_aprender`, but never found it.\n    at shouldExist (http://localhost:35437/__cypress/tests?p=cypress/integration/project.spec.js:108:20)\n    at Context.eval (http://localhost:35437/__cypress/tests?p=cypress/integration/project.spec.js:189:33)",
                "diff": null
              },
              "uuid": "298cfdd4-c70f-4528-aefd-4786c44d78d9",
              "parentUUID": "581382a6-049a-4bc3-81c9-a32106de9ce8",
              "isHook": false,
              "skipped": false
            },
            {
              "title": "A lista deve possuir 10 itens",
              "fullTitle": "5 - Crie uma lista de lições que ainda deseja aprender para a página A lista deve possuir 10 itens",
              "timedOut": null,
              "duration": 10197,
              "state": "failed",
              "speed": null,
              "pass": false,
              "fail": true,
              "pending": false,
              "context": null,
              "code": "cy.get('ul#licoes_a_aprender').find('li').should('have.length', 10);",
              "err": {
                "message": "AssertionError: Timed out retrying: Expected to find element: `ul#licoes_a_aprender`, but never found it.",
                "estack": "AssertionError: Timed out retrying: Expected to find element: `ul#licoes_a_aprender`, but never found it.\n    at Context.eval (http://localhost:35437/__cypress/tests?p=cypress/integration/project.spec.js:192:8)",
                "diff": null
              },
              "uuid": "fd8a786b-912a-4f55-af3e-2b75e01ba669",
              "parentUUID": "581382a6-049a-4bc3-81c9-a32106de9ce8",
              "isHook": false,
              "skipped": false
            }
          ],
          "suites": [],
          "passes": [],
          "failures": [
            "298cfdd4-c70f-4528-aefd-4786c44d78d9",
            "fd8a786b-912a-4f55-af3e-2b75e01ba669"
          ],
          "pending": [],
          "skipped": [],
          "duration": 20340,
          "root": false,
          "rootEmpty": false,
          "_timeout": 2000
        },
        {
          "uuid": "c755ccc6-4e39-4b36-9451-c97300158ac1",
          "title": "6 - Adicione um rodapé para a página",
          "fullFile": "",
          "file": "",
          "beforeHooks": [],
          "afterHooks": [],
          "tests": [
            {
              "title": "O rodapé deve possuir o ID \"rodape\"",
              "fullTitle": "6 - Adicione um rodapé para a página O rodapé deve possuir o ID \"rodape\"",
              "timedOut": null,
              "duration": 10178,
              "state": "failed",
              "speed": null,
              "pass": false,
              "fail": true,
              "pending": false,
              "context": null,
              "code": "cy.get('footer#rodape').should('exist');",
              "err": {
                "message": "AssertionError: Timed out retrying: Expected to find element: `footer#rodape`, but never found it.",
                "estack": "AssertionError: Timed out retrying: Expected to find element: `footer#rodape`, but never found it.\n    at Context.eval (http://localhost:35437/__cypress/tests?p=cypress/integration/project.spec.js:200:29)",
                "diff": null
              },
              "uuid": "c8889669-c022-47c5-a4e1-2d7fdd28792a",
              "parentUUID": "c755ccc6-4e39-4b36-9451-c97300158ac1",
              "isHook": false,
              "skipped": false
            }
          ],
          "suites": [],
          "passes": [],
          "failures": [
            "c8889669-c022-47c5-a4e1-2d7fdd28792a"
          ],
          "pending": [],
          "skipped": [],
          "duration": 10178,
          "root": false,
          "rootEmpty": false,
          "_timeout": 2000
        },
        {
          "uuid": "f5fd939e-6fce-4b7b-beae-1b6b7d2763d2",
          "title": "7 - Insira pelo menos um link externo na página",
          "fullFile": "",
          "file": "",
          "beforeHooks": [],
          "afterHooks": [],
          "tests": [
            {
              "title": "A configuração desse link deve ser feita para abrir em uma nova aba do navegador",
              "fullTitle": "7 - Insira pelo menos um link externo na página A configuração desse link deve ser feita para abrir em uma nova aba do navegador",
              "timedOut": null,
              "duration": 10177,
              "state": "failed",
              "speed": null,
              "pass": false,
              "fail": true,
              "pending": false,
              "context": null,
              "code": "cy.get('a').then(function (a) {\n  var actual = Array.from(a).some(function (element) {\n    return element.target === '_blank' && element.href !== '';\n  });\n  expect(actual).to.be[\"true\"];\n});",
              "err": {
                "message": "AssertionError: Timed out retrying: Expected to find element: `a`, but never found it.",
                "estack": "AssertionError: Timed out retrying: Expected to find element: `a`, but never found it.\n    at Context.eval (http://localhost:35437/__cypress/tests?p=cypress/integration/project.spec.js:208:8)",
                "diff": null
              },
              "uuid": "80a9f564-a1c8-4ec7-947c-b6bcba86994f",
              "parentUUID": "f5fd939e-6fce-4b7b-beae-1b6b7d2763d2",
              "isHook": false,
              "skipped": false
            }
          ],
          "suites": [],
          "passes": [],
          "failures": [
            "80a9f564-a1c8-4ec7-947c-b6bcba86994f"
          ],
          "pending": [],
          "skipped": [],
          "duration": 10177,
          "root": false,
          "rootEmpty": false,
          "_timeout": 2000
        },
        {
          "uuid": "0be5647b-12cc-40b0-95c2-f0f26384e62e",
          "title": "8 - Crie um artigo sobre o seu aprendizado",
          "fullFile": "",
          "file": "",
          "beforeHooks": [],
          "afterHooks": [],
          "tests": [
            {
              "title": "A `tag` `article` devem ser utilizadas",
              "fullTitle": "8 - Crie um artigo sobre o seu aprendizado A `tag` `article` devem ser utilizadas",
              "timedOut": null,
              "duration": 10170,
              "state": "failed",
              "speed": null,
              "pass": false,
              "fail": true,
              "pending": false,
              "context": null,
              "code": "(0, _ActionBase.shouldExist)('article');",
              "err": {
                "message": "AssertionError: Timed out retrying: Expected to find element: `article`, but never found it.",
                "estack": "AssertionError: Timed out retrying: Expected to find element: `article`, but never found it.\n    at shouldExist (http://localhost:35437/__cypress/tests?p=cypress/integration/project.spec.js:108:20)\n    at Context.eval (http://localhost:35437/__cypress/tests?p=cypress/integration/project.spec.js:221:33)",
                "diff": null
              },
              "uuid": "8c5026d4-0657-4d5d-a0e0-0d4e9101d0da",
              "parentUUID": "0be5647b-12cc-40b0-95c2-f0f26384e62e",
              "isHook": false,
              "skipped": false
            },
            {
              "title": "O artigo deve ter mais de 300 caracteres e menos de 600",
              "fullTitle": "8 - Crie um artigo sobre o seu aprendizado O artigo deve ter mais de 300 caracteres e menos de 600",
              "timedOut": null,
              "duration": 10280,
              "state": "failed",
              "speed": null,
              "pass": false,
              "fail": true,
              "pending": false,
              "context": null,
              "code": "cy.get('article').invoke('text').then(function (text) {\n  expect(text).to.have.length.of.at.most(600);\n  expect(text).to.have.length.of.at.above(300);\n});",
              "err": {
                "message": "AssertionError: Timed out retrying: Expected to find element: `article`, but never found it.",
                "estack": "AssertionError: Timed out retrying: Expected to find element: `article`, but never found it.\n    at Context.eval (http://localhost:35437/__cypress/tests?p=cypress/integration/project.spec.js:224:8)",
                "diff": null
              },
              "uuid": "353cfe0b-d00c-4380-b801-81d5c9e5ef8f",
              "parentUUID": "0be5647b-12cc-40b0-95c2-f0f26384e62e",
              "isHook": false,
              "skipped": false
            }
          ],
          "suites": [],
          "passes": [],
          "failures": [
            "8c5026d4-0657-4d5d-a0e0-0d4e9101d0da",
            "353cfe0b-d00c-4380-b801-81d5c9e5ef8f"
          ],
          "pending": [],
          "skipped": [],
          "duration": 20450,
          "root": false,
          "rootEmpty": false,
          "_timeout": 2000
        },
        {
          "uuid": "63013930-4128-41f4-b7eb-cf0ee3e4f250",
          "title": "9 - Crie uma tag HTML `aside` que contenha uma breve descrição sobre você",
          "fullFile": "",
          "file": "",
          "beforeHooks": [],
          "afterHooks": [],
          "tests": [
            {
              "title": "A `tag` `aside` deve ser utilizada",
              "fullTitle": "9 - Crie uma tag HTML `aside` que contenha uma breve descrição sobre você A `tag` `aside` deve ser utilizada",
              "timedOut": null,
              "duration": 10254,
              "state": "failed",
              "speed": null,
              "pass": false,
              "fail": true,
              "pending": false,
              "context": null,
              "code": "(0, _ActionBase.shouldExist)('aside');",
              "err": {
                "message": "AssertionError: Timed out retrying: Expected to find element: `aside`, but never found it.",
                "estack": "AssertionError: Timed out retrying: Expected to find element: `aside`, but never found it.\n    at shouldExist (http://localhost:35437/__cypress/tests?p=cypress/integration/project.spec.js:108:20)\n    at Context.eval (http://localhost:35437/__cypress/tests?p=cypress/integration/project.spec.js:235:33)",
                "diff": null
              },
              "uuid": "d9fdb1fc-e27d-401f-864f-d94e49b460ca",
              "parentUUID": "63013930-4128-41f4-b7eb-cf0ee3e4f250",
              "isHook": false,
              "skipped": false
            },
            {
              "title": "A seção deve ter mais que 100 caracteres e menos que 300",
              "fullTitle": "9 - Crie uma tag HTML `aside` que contenha uma breve descrição sobre você A seção deve ter mais que 100 caracteres e menos que 300",
              "timedOut": null,
              "duration": 10268,
              "state": "failed",
              "speed": null,
              "pass": false,
              "fail": true,
              "pending": false,
              "context": null,
              "code": "cy.get('aside').invoke('text').then(function (text) {\n  expect(text).to.have.length.of.at.above(100);\n  expect(text).to.have.length.of.at.most(300);\n});",
              "err": {
                "message": "AssertionError: Timed out retrying: Expected to find element: `aside`, but never found it.",
                "estack": "AssertionError: Timed out retrying: Expected to find element: `aside`, but never found it.\n    at Context.eval (http://localhost:35437/__cypress/tests?p=cypress/integration/project.spec.js:238:8)",
                "diff": null
              },
              "uuid": "b926d78d-95e5-4642-a8cd-2857aef38313",
              "parentUUID": "63013930-4128-41f4-b7eb-cf0ee3e4f250",
              "isHook": false,
              "skipped": false
            }
          ],
          "suites": [],
          "passes": [],
          "failures": [
            "d9fdb1fc-e27d-401f-864f-d94e49b460ca",
            "b926d78d-95e5-4642-a8cd-2857aef38313"
          ],
          "pending": [],
          "skipped": [],
          "duration": 20522,
          "root": false,
          "rootEmpty": false,
          "_timeout": 2000
        },
        {
          "uuid": "7eee92eb-aca1-4a1a-ade7-1118f3474bad",
          "title": "10 - Aplique elementos HTML de acordo com o sentido e propósito de cada um deles",
          "fullFile": "",
          "file": "",
          "beforeHooks": [],
          "afterHooks": [],
          "tests": [
            {
              "title": "Validar se a página possui um elemento \"article\"",
              "fullTitle": "10 - Aplique elementos HTML de acordo com o sentido e propósito de cada um deles Validar se a página possui um elemento \"article\"",
              "timedOut": null,
              "duration": 10246,
              "state": "failed",
              "speed": null,
              "pass": false,
              "fail": true,
              "pending": false,
              "context": null,
              "code": "(0, _ActionBase.shouldExist)('article');",
              "err": {
                "message": "AssertionError: Timed out retrying: Expected to find element: `article`, but never found it.",
                "estack": "AssertionError: Timed out retrying: Expected to find element: `article`, but never found it.\n    at shouldExist (http://localhost:35437/__cypress/tests?p=cypress/integration/project.spec.js:108:20)\n    at Context.eval (http://localhost:35437/__cypress/tests?p=cypress/integration/project.spec.js:249:33)",
                "diff": null
              },
              "uuid": "3a13b8f6-0de4-4179-8ec3-0f699e8e02bc",
              "parentUUID": "7eee92eb-aca1-4a1a-ade7-1118f3474bad",
              "isHook": false,
              "skipped": false
            },
            {
              "title": "Validar se a página possui um elemento \"header\"",
              "fullTitle": "10 - Aplique elementos HTML de acordo com o sentido e propósito de cada um deles Validar se a página possui um elemento \"header\"",
              "timedOut": null,
              "duration": 10248,
              "state": "failed",
              "speed": null,
              "pass": false,
              "fail": true,
              "pending": false,
              "context": null,
              "code": "(0, _ActionBase.shouldExist)('header');",
              "err": {
                "message": "AssertionError: Timed out retrying: Expected to find element: `header`, but never found it.",
                "estack": "AssertionError: Timed out retrying: Expected to find element: `header`, but never found it.\n    at shouldExist (http://localhost:35437/__cypress/tests?p=cypress/integration/project.spec.js:108:20)\n    at Context.eval (http://localhost:35437/__cypress/tests?p=cypress/integration/project.spec.js:252:33)",
                "diff": null
              },
              "uuid": "6ccad626-b874-4e23-8002-3c1720846cc8",
              "parentUUID": "7eee92eb-aca1-4a1a-ade7-1118f3474bad",
              "isHook": false,
              "skipped": false
            },
            {
              "title": "Validar se a página possui um elemento \"aside\"",
              "fullTitle": "10 - Aplique elementos HTML de acordo com o sentido e propósito de cada um deles Validar se a página possui um elemento \"aside\"",
              "timedOut": null,
              "duration": 10158,
              "state": "failed",
              "speed": null,
              "pass": false,
              "fail": true,
              "pending": false,
              "context": null,
              "code": "(0, _ActionBase.shouldExist)('aside');",
              "err": {
                "message": "AssertionError: Timed out retrying: Expected to find element: `aside`, but never found it.",
                "estack": "AssertionError: Timed out retrying: Expected to find element: `aside`, but never found it.\n    at shouldExist (http://localhost:35437/__cypress/tests?p=cypress/integration/project.spec.js:108:20)\n    at Context.eval (http://localhost:35437/__cypress/tests?p=cypress/integration/project.spec.js:255:33)",
                "diff": null
              },
              "uuid": "24da6225-b769-4337-bcb2-02a862e2c82c",
              "parentUUID": "7eee92eb-aca1-4a1a-ade7-1118f3474bad",
              "isHook": false,
              "skipped": false
            },
            {
              "title": "Validar se a página possui um elemento \"footer\"",
              "fullTitle": "10 - Aplique elementos HTML de acordo com o sentido e propósito de cada um deles Validar se a página possui um elemento \"footer\"",
              "timedOut": null,
              "duration": 10251,
              "state": "failed",
              "speed": null,
              "pass": false,
              "fail": true,
              "pending": false,
              "context": null,
              "code": "(0, _ActionBase.shouldExist)('footer');",
              "err": {
                "message": "AssertionError: Timed out retrying: Expected to find element: `footer`, but never found it.",
                "estack": "AssertionError: Timed out retrying: Expected to find element: `footer`, but never found it.\n    at shouldExist (http://localhost:35437/__cypress/tests?p=cypress/integration/project.spec.js:108:20)\n    at Context.eval (http://localhost:35437/__cypress/tests?p=cypress/integration/project.spec.js:258:33)",
                "diff": null
              },
              "uuid": "f18610fa-2e97-4a77-a1b2-62dff8e8f55d",
              "parentUUID": "7eee92eb-aca1-4a1a-ade7-1118f3474bad",
              "isHook": false,
              "skipped": false
            }
          ],
          "suites": [],
          "passes": [],
          "failures": [
            "3a13b8f6-0de4-4179-8ec3-0f699e8e02bc",
            "6ccad626-b874-4e23-8002-3c1720846cc8",
            "24da6225-b769-4337-bcb2-02a862e2c82c",
            "f18610fa-2e97-4a77-a1b2-62dff8e8f55d"
          ],
          "pending": [],
          "skipped": [],
          "duration": 40903,
          "root": false,
          "rootEmpty": false,
          "_timeout": 2000
        },
        {
          "uuid": "08f114e8-c15d-482f-ae5b-dcb0246ec8ec",
          "title": "11 - Teste se a semântica da sua página está aprovada pelo site CodeSniffer",
          "fullFile": "",
          "file": "",
          "beforeHooks": [],
          "afterHooks": [],
          "tests": [
            {
              "title": "Seu site deve passar sem problemas na verificação de semântica do site CodeSniffer",
              "fullTitle": "11 - Teste se a semântica da sua página está aprovada pelo site CodeSniffer Seu site deve passar sem problemas na verificação de semântica do site CodeSniffer",
              "timedOut": null,
              "duration": 10102,
              "state": "failed",
              "speed": null,
              "pass": false,
              "fail": true,
              "pending": false,
              "context": null,
              "code": "cy.readFile('./index.html').then(function (content) {\n  cy.visit('http://squizlabs.github.io/HTML_CodeSniffer/');\n  cy.get('#runHTMLCS').click();\n  cy.get('#source').invoke('val', content).trigger('input');\n  cy.get('#run-button').click();\n  cy.get('.result-count-errors').contains(/^0$/);\n});",
              "err": {
                "message": "CypressError: Timed out after waiting `10000ms` for your remote page to load.\n\nYour page did not fire its `load` event within `10000ms`.\n\nYou can try increasing the `pageLoadTimeout` value in `cypress.json` to wait longer.\n\nBrowsers will not fire the `load` event until all stylesheets and scripts are done downloading.\n\nWhen this `load` event occurs, Cypress will continue running commands.",
                "estack": "CypressError: Timed out after waiting `10000ms` for your remote page to load.\n\nYour page did not fire its `load` event within `10000ms`.\n\nYou can try increasing the `pageLoadTimeout` value in `cypress.json` to wait longer.\n\nBrowsers will not fire the `load` event until all stylesheets and scripts are done downloading.\n\nWhen this `load` event occurs, Cypress will continue running commands.\n    at timedOutWaitingForPageLoad (http://squizlabs.github.io/__cypress/runner/cypress_runner.js:156855:13)\n    at http://squizlabs.github.io/__cypress/runner/cypress_runner.js:157843:16\n    at tryCatcher (http://squizlabs.github.io/__cypress/runner/cypress_runner.js:10325:23)\n    at http://squizlabs.github.io/__cypress/runner/cypress_runner.js:5447:41\n    at tryCatcher (http://squizlabs.github.io/__cypress/runner/cypress_runner.js:10325:23)\n    at Promise._settlePromiseFromHandler (http://squizlabs.github.io/__cypress/runner/cypress_runner.js:8260:31)\n    at Promise._settlePromise (http://squizlabs.github.io/__cypress/runner/cypress_runner.js:8317:18)\n    at Promise._settlePromise0 (http://squizlabs.github.io/__cypress/runner/cypress_runner.js:8362:10)\n    at Promise._settlePromises (http://squizlabs.github.io/__cypress/runner/cypress_runner.js:8438:18)\n    at _drainQueueStep (http://squizlabs.github.io/__cypress/runner/cypress_runner.js:5032:12)\n    at _drainQueue (http://squizlabs.github.io/__cypress/runner/cypress_runner.js:5025:9)\n    at Async.../../node_modules/bluebird/js/release/async.js.Async._drainQueues (http://squizlabs.github.io/__cypress/runner/cypress_runner.js:5041:5)\n    at Async.drainQueues (http://squizlabs.github.io/__cypress/runner/cypress_runner.js:4911:14)\nFrom Your Spec Code:\n    at Context.eval (http://squizlabs.github.io/__cypress/tests?p=cypress/integration/project.spec.js:264:10)",
                "diff": null
              },
              "uuid": "9d12d818-a1aa-428a-9b0b-63f331a6147e",
              "parentUUID": "08f114e8-c15d-482f-ae5b-dcb0246ec8ec",
              "isHook": false,
              "skipped": false
            }
          ],
          "suites": [],
          "passes": [],
          "failures": [
            "9d12d818-a1aa-428a-9b0b-63f331a6147e"
          ],
          "pending": [],
          "skipped": [],
          "duration": 10102,
          "root": false,
          "rootEmpty": false,
          "_timeout": 2000
        }
      ],
      "passes": [],
      "failures": [],
      "pending": [],
      "skipped": [],
      "duration": 0,
      "root": true,
      "rootEmpty": true,
      "_timeout": 2000
    }
  ],
  "meta": {
    "mocha": {
      "version": "7.0.1"
    },
    "mochawesome": {
      "options": {
        "quiet": false,
        "reportFilename": "mochawesome",
        "saveHtml": false,
        "saveJson": true,
        "consoleReporter": "spec",
        "useInlineDiffs": false
      },
      "version": "4.1.0"
    },
    "marge": {
      "options": {
        "id": "default",
        "reportDir": "cypress/reports",
        "overwrite": false,
        "html": false,
        "json": true
      },
      "version": "4.1.0"
    }
  }
}